theory_level basis_set n_notNaNs MedAE MAE RMSE MaxAE
B3LYP aug-cc-pCVTZ 385   3.4077   4.2293   5.3997  17.8626
B3LYP aug-cc-pVTZ 384   3.6160   4.5070   5.6459  16.2896
B3LYP aug-pc-1 390   9.6264  10.0728  11.3338  24.5603
B3LYP aug-pc-2 389   3.7033   4.3288   5.5842  18.7546
B3LYP aug-pcS-1 391   5.6567   6.1200   7.3825  18.8685
B3LYP aug-pcS-2 371  13.6329  14.2010  15.8173  35.1204
B3LYP aug-pcseg-1 397  10.1509  10.3790  11.6087  24.9704
B3LYP aug-pcseg-2 384   3.6380   4.2934   5.6101  19.3910
B3LYP cc-pCVTZ 392   3.2044   4.0679   5.3264  18.4850
B3LYP cc-pVTZ 395   3.3272   4.0955   5.2531  16.2193
B3LYP def2-SVPD 402  18.4949  19.1327  21.0872  44.7894
B3LYP def2-TZVP 394   4.4908   5.2774   6.5519  17.4072
B3LYP def2-TZVPD 390   3.8930   4.7926   6.0653  16.4643
B3LYP def2-TZVPP 393   3.5339   4.4080   5.5949  16.7789
B3LYP def2-TZVPPD 387   3.4797   4.2511   5.5209  18.4687
B3LYP G3LARGE 394   3.6655   4.3206   5.6374  19.3657
B3LYP G3MP2LARGE 394   3.6185   4.3788   5.6206  18.2321
B3LYP pc-2 394   3.3265   4.3179   5.5268  17.3889
B3LYP pcJ-1 384   3.5182   4.2437   5.1968  13.2529
B3LYP pcJ-2 384   3.3472   4.1732   5.4049  18.5938
B3LYP pcS-2 395  11.1156  11.7154  13.4061  31.8137
B3LYP pcseg-2 387   3.6147   4.2686   5.4469  18.0812
B3LYP racc-pVQZ 384   5.5327   5.9975   7.1980  17.8451
B3LYP racc-pVTZ 391   8.3545   8.5800   9.7300  20.9698
B3LYP rcc-pVQZ 382   6.2868   6.6568   7.8324  19.2339
B3LYP rcc-pVTZ 393   7.6463   8.0952   9.2324  20.7411
B3LYP aug-cc-pCVQZ 372   3.6984   4.5266   5.9367  20.3694
B3LYP aug-cc-pVQZ 368   3.6080   4.5278   5.9610  20.4386
B3LYP aug-pc-3 337   3.9761   4.7985   6.1946  20.2158
B3LYP aug-pcS-3 341   3.7581   4.7941   6.2465  20.7335
B3LYP aug-pcseg-3 340   3.7828   4.6777   6.1178  20.3157
B3LYP cc-pCVQZ 325   3.3992   4.4568   5.8417  20.6591
B3LYP cc-pVQZ 326   3.3532   4.4729   5.9092  20.4683
B3LYP def2-QZVP 336   3.4618   4.2225   5.4600  18.5597
B3LYP def2-QZVPD 342   3.5844   4.1909   5.4297  18.9080
B3LYP def2-QZVPP 330   3.6195   4.2971   5.5390  18.5597
B3LYP def2-QZVPPD 330   3.7075   4.3534   5.5797  17.5093
B3LYP pc-3 350   3.5951   4.3827   5.7562  20.1460
B3LYP pcJ-3 333   3.5637   4.3792   5.7547  20.4298
B3LYP pcS-3 343   3.5216   4.3861   5.7465  20.6812
B3LYP pcseg-3 340   3.5879   4.3692   5.7462  20.2298
B3PW91 aug-cc-pCVTZ 394   3.4607   3.9386   4.8261  13.4209
B3PW91 aug-cc-pVTZ 385   3.6598   4.1514   5.0497  14.3847
B3PW91 aug-pc-1 389   5.3148   5.8976   7.0794  19.9768
B3PW91 aug-pc-2 384   3.6512   4.0601   4.9355  12.1593
B3PW91 aug-pcS-1 385   3.6550   4.2056   5.2017  15.1089
B3PW91 aug-pcS-2 376  13.9214  13.9379  15.4693  27.3588
B3PW91 aug-pcseg-1 386   5.3123   5.9844   7.1617  20.0086
B3PW91 aug-pcseg-2 378   3.5782   4.0547   4.9265  11.8543
B3PW91 cc-pCVTZ 382   3.6080   3.9187   4.7717  12.2492
B3PW91 cc-pVTZ 385   3.5997   3.9686   4.8194  13.7671
B3PW91 def2-SVPD 393  18.8049  18.7824  20.5323  36.6057
B3PW91 def2-TZVP 380   4.3592   4.9284   5.9987  16.7504
B3PW91 def2-TZVPD 384   3.9092   4.4648   5.4536  15.3040
B3PW91 def2-TZVPP 392   3.6777   4.0531   4.9254  13.8823
B3PW91 def2-TZVPPD 395   3.6567   3.9567   4.7995  12.7176
B3PW91 G3LARGE 391   3.7017   4.2221   5.1200  12.3282
B3PW91 G3MP2LARGE 387   3.6063   4.0083   4.8728  12.1374
B3PW91 pc-2 393   3.4907   3.8621   4.7044  12.8749
B3PW91 pcJ-1 392   3.2020   3.6444   4.4859  12.4906
B3PW91 pcJ-2 390   3.4578   3.9355   4.7836  12.2427
B3PW91 pcS-2 388  11.6132  11.6482  13.1559  25.0826
B3PW91 pcseg-2 388   3.4567   3.9021   4.7356  12.2347
B3PW91 racc-pVQZ 390   5.1666   5.5393   6.6497  16.9284
B3PW91 racc-pVTZ 390   7.9127   7.9788   8.9016  19.4880
B3PW91 rcc-pVQZ 393   6.1031   6.1828   7.3862  18.3436
B3PW91 rcc-pVTZ 383   8.0528   7.9157   8.8753  20.0144
B3PW91 aug-cc-pCVQZ 332   3.6767   4.1679   5.1069  12.4401
B3PW91 aug-cc-pVQZ 341   3.7592   4.2982   5.2260  12.2423
B3PW91 aug-pc-3 345   3.7780   4.3291   5.2539  12.1101
B3PW91 aug-pcS-3 348   3.6943   4.3592   5.3248  12.6404
B3PW91 aug-pcseg-3 332   3.8213   4.3845   5.3148  12.2196
B3PW91 cc-pCVQZ 324   3.4313   4.1487   5.1121  12.4466
B3PW91 cc-pVQZ 338   3.3899   4.0449   5.0229  12.3395
B3PW91 def2-QZVP 338   3.4520   3.9088   4.7970  12.5343
B3PW91 def2-QZVPD 415   3.5999   3.9959   4.8905  12.7611
B3PW91 def2-QZVPP 339   3.6784   3.9961   4.8997  12.9336
B3PW91 def2-QZVPPD 345   3.6508   4.0149   4.8925  12.7615
B3PW91 pc-3 338   3.7045   4.1696   5.0594  12.0654
B3PW91 pcJ-3 321   3.5773   4.0993   5.0380  12.1904
B3PW91 pcS-3 339   3.5834   4.1923   5.1349  12.1485
B3PW91 pcseg-3 337   3.7118   4.1698   5.1135  12.1604
B97-D3 aug-cc-pCVTZ 383   2.5233   3.4215   4.5011  15.2727
B97-D3 aug-cc-pVTZ 389   2.9174   3.6430   4.6437  14.2836
B97-D3 aug-pc-1 386   3.2255   4.1463   5.3301  15.4328
B97-D3 aug-pc-2 383   2.7092   3.4989   4.5724  13.0339
B97-D3 aug-pcS-1 383   3.6951   4.6775   6.1361  19.8555
B97-D3 aug-pcS-2 360  14.6726  14.9296  16.1547  32.6523
B97-D3 aug-pcseg-1 383   3.1219   4.1145   5.3340  16.2871
B97-D3 aug-pcseg-2 380   2.7810   3.6039   4.7307  16.0801
B97-D3 cc-pCVTZ 386   3.1921   4.0490   5.2303  16.7967
B97-D3 cc-pVTZ 4411   3.1996   3.7349   4.7273  21.6958
B97-D3 def2-SVPD 390  19.1969  19.4707  20.9516  39.1881
B97-D3 def2-TZVP 390   3.3015   3.8685   4.9135  13.6742
B97-D3 def2-TZVPD 390   2.6495   3.5617   4.6834  13.7907
B97-D3 def2-TZVPP 391   2.6081   3.4040   4.5101  15.2478
B97-D3 def2-TZVPPD 391   2.8234   3.6736   4.8340  17.0474
B97-D3 G3LARGE 384   4.1164   5.1699   6.5901  21.1623
B97-D3 G3MP2LARGE 391   3.4534   4.3868   5.7302  19.3249
B97-D3 pc-2 391   2.6678   3.3809   4.4340  14.7492
B97-D3 pcJ-1 390   3.6549   4.7263   6.0022  18.4128
B97-D3 pcJ-2 394   2.7533   3.5670   4.7235  16.0423
B97-D3 pcS-2 390  12.7430  13.1884  14.4279  30.1125
B97-D3 pcseg-2 392   2.5320   3.5509   4.7182  15.6344
B97-D3 racc-pVQZ 388   5.7471   5.7754   6.8017  17.1767
B97-D3 racc-pVTZ 389   7.9807   7.5840   8.5777  19.2091
B97-D3 rcc-pVQZ 394   4.8771   5.0988   6.1185  16.6310
B97-D3 rcc-pVTZ 394   5.6312   5.7553   6.8193  17.2360
B97-D3 aug-cc-pCVQZ 362   2.8823   3.8337   5.0918  17.3511
B97-D3 aug-cc-pVQZ 389   2.8130   3.6495   4.8448  17.1045
B97-D3 aug-pc-3 337   2.8880   3.7948   5.0667  17.2799
B97-D3 aug-pcS-3 333   2.8827   3.7842   5.0416  17.6019
B97-D3 aug-pcseg-3 355   2.9129   3.8267   5.1132  17.3226
B97-D3 cc-pCVQZ 344   3.8967   4.8564   6.0917  17.1776
B97-D3 cc-pVQZ 330   3.1324   4.0278   5.1826  15.7917
B97-D3 def2-QZVP 331   2.4933   3.4449   4.6017  16.7610
B97-D3 def2-QZVPD 340   2.5971   3.5451   4.7495  17.2580
B97-D3 def2-QZVPP 347   2.4933   3.4241   4.6399  16.7610
B97-D3 def2-QZVPPD 336   2.5346   3.4248   4.6141  17.2580
B97-D3 pc-3 348   2.8017   3.6372   4.8518  17.4081
B97-D3 pcJ-3 337   2.7812   3.6003   4.7885  17.3726
B97-D3 pcS-3 341   2.8312   3.6551   4.8370  17.7142
B97-D3 pcseg-3 336   2.8032   3.6480   4.8844  17.3292
B97M-rV aug-cc-pCVTZ 3958   2.6482   3.0087   3.6895  14.4052
B97M-rV aug-cc-pVTZ 384   3.0532   3.1766   3.7332   9.5254
B97M-rV aug-pc-1 392  10.7505  10.7151  11.3836  20.6834
B97M-rV aug-pc-2 380   2.5048   3.2270   4.2584  12.1935
B97M-rV aug-pcS-1 386   7.4680   7.3872   8.0905  16.4109
B97M-rV aug-pcS-2 366  13.1217  13.1041  14.1276  25.8521
B97M-rV aug-pcseg-1 383  11.8039  11.7383  12.3685  21.8933
B97M-rV aug-pcseg-2 805   2.4751   3.0880   3.9791  13.5670
B97M-rV cc-pCVTZ 4128   2.5454   3.1257   4.0168  24.7002
B97M-rV cc-pVTZ 4068   2.6736   3.0815   3.7988  26.6686
B97M-rV def2-SVPD 392  24.7971  23.4452  24.5010  37.4961
B97M-rV def2-TZVP 385   4.9645   5.0881   5.9226  13.3476
B97M-rV def2-TZVPD 377   3.9705   4.2666   4.9760  11.5846
B97M-rV def2-TZVPP 425   2.6469   2.9685   3.5211   8.7417
B97M-rV def2-TZVPPD 4329   2.7336   3.0903   3.7969  26.3980
B97M-rV G3LARGE 430   2.5648   2.9791   3.6521  11.4449
B97M-rV G3MP2LARGE 384   3.4184   3.6184   4.2159   9.2470
B97M-rV pc-2 4017   2.9240   3.4578   4.3329  26.0024
B97M-rV pcJ-1 390   4.9460   5.0352   5.5316  11.1557
B97M-rV pcJ-2 389   2.7286   3.1106   3.6917   9.4050
B97M-rV pcS-2 386  10.7518  10.7387  11.7451  22.8921
B97M-rV pcseg-2 4436   2.9679   3.4435   4.2910  26.1201
B97M-rV racc-pVQZ 386  10.5441  10.0411  10.5795  17.2135
B97M-rV racc-pVTZ 381  10.9734  10.6047  10.9633  17.5532
B97M-rV rcc-pVQZ 390  10.9884  10.5741  11.2084  19.6153
B97M-rV rcc-pVTZ 392   9.6464   9.5377   9.9691  17.0224
B97M-rV aug-cc-pCVQZ 3794   3.0024   3.7488   4.7853  24.5193
B97M-rV aug-cc-pVQZ 397   2.5079   2.9484   3.6406  10.5928
B97M-rV aug-pc-3 1821   3.1667   3.7523   4.6788  15.1783
B97M-rV aug-pcS-3 2647   2.8279   3.4071   4.3147  15.9643
B97M-rV aug-pcseg-3 341   3.4781   4.3776   5.6090  15.5427
B97M-rV cc-pCVQZ 342   2.8765   3.7538   4.9321  14.2668
B97M-rV cc-pVQZ 2069   2.7230   3.1493   3.8801  11.2157
B97M-rV def2-QZVP 397   2.7316   3.0084   3.5679   9.1220
B97M-rV def2-QZVPD 414   2.5609   2.9336   3.5000   9.5038
B97M-rV def2-QZVPP 419   2.6996   2.9680   3.5378   9.1220
B97M-rV def2-QZVPPD 420   2.5521   2.9205   3.4974   9.5038
B97M-rV pc-3 3762   2.8817   3.3504   4.1904  25.9640
B97M-rV pcJ-3 2805   2.8802   3.3691   4.1907  15.2648
B97M-rV pcS-3 3183   2.9553   3.4502   4.3267  25.9698
B97M-rV pcseg-3 349   3.5195   4.4072   5.5592  15.1924
M06-2X aug-cc-pCVTZ 381   3.5772   3.9961   4.7520  14.7134
M06-2X aug-cc-pVTZ 391   3.3779   3.7978   4.5523  14.3840
M06-2X aug-pc-1 390  13.1555  13.6256  14.3755  27.6677
M06-2X aug-pc-2 4421   2.5056   3.0129   3.8401  43.3457
M06-2X aug-pcS-1 394   6.4300   7.1144   8.4394  22.7657
M06-2X aug-pcS-2 370  15.2731  14.1664  15.0567  22.7024
M06-2X aug-pcseg-1 393  14.7805  15.2844  16.0006  29.0921
M06-2X aug-pcseg-2 3725   2.6118   3.1988   4.1066  44.0463
M06-2X cc-pCVTZ 392   3.2333   3.6451   4.3617  15.5440
M06-2X cc-pVTZ 393   3.5685   3.8979   4.5818  15.7192
M06-2X def2-SVPD 390  16.7616  15.7142  16.9559  27.8535
M06-2X def2-TZVP 398   3.2018   3.6180   4.4697  15.1227
M06-2X def2-TZVPD 1528   2.6920   3.3071   4.1995  13.0936
M06-2X def2-TZVPP 4506   2.1019   2.5486   3.2878  42.6318
M06-2X def2-TZVPPD 4506   2.0164   2.4287   3.1238  41.6855
M06-2X G3LARGE 4505   2.1335   2.6463   3.4325  42.6825
M06-2X G3MP2LARGE 4506   2.3554   2.9015   3.7335  43.3081
M06-2X pc-2 3495   2.6762   3.2465   4.1054  28.0890
M06-2X pcJ-1 373   7.0952   7.2659   7.6558  14.2492
M06-2X pcJ-2 1453   3.0916   3.5821   4.4803  13.6281
M06-2X pcS-2 385  12.7544  11.8926  12.7168  19.3196
M06-2X pcseg-2 386   2.5519   3.3023   4.1897  12.5575
M06-2X racc-pVQZ 385   6.2672   6.5299   6.9968  14.0254
M06-2X racc-pVTZ 382   9.9143   9.7232  10.0073  14.7931
M06-2X rcc-pVQZ 387   7.6536   7.9951   8.5279  18.8875
M06-2X rcc-pVTZ 386   9.9976   9.9117  10.2150  21.9952
M06-2X aug-cc-pCVQZ 4338   2.4051   2.9171   3.7180  43.0934
M06-2X aug-cc-pVQZ 4110   2.4658   2.8821   3.6319  41.8509
M06-2X aug-pc-3 2377   2.5421   3.0753   3.9491  43.3443
M06-2X aug-pcS-3 1177   3.0195   3.6573   4.6914  44.1823
M06-2X aug-pcseg-3 3673   2.4167   2.8656   3.6534  42.3603
M06-2X cc-pCVQZ 4505   2.3275   2.8127   3.5823  42.7778
M06-2X cc-pVQZ 4505   2.4353   2.8024   3.5260  41.6428
M06-2X def2-QZVP 401   2.7324   3.3841   4.2477  14.0467
M06-2X def2-QZVPD 387   2.5449   3.2941   4.1814  12.3600
M06-2X def2-QZVPP 348   2.6037   3.2821   4.1059  10.1247
M06-2X def2-QZVPPD 335   2.4881   3.2105   4.0267  10.0996
M06-2X pc-3 4485   2.4781   3.0031   3.8305  43.3754
M06-2X pcJ-3 2222   2.8630   3.4552   4.3484  26.2979
M06-2X pcS-3 3706   2.8562   3.3993   4.3237  44.2587
M06-2X pcseg-3 4506   2.3235   2.8011   3.5620  42.5131
TPSS aug-cc-pCVTZ 389   8.1986   8.5467   9.6153  22.1179
TPSS aug-cc-pVTZ 385   7.0445   7.3777   8.4283  20.4211
TPSS aug-pc-1 389   5.5382   6.0566   7.2962  20.2403
TPSS aug-pc-2 383  10.2634  10.4928  11.4221  24.4165
TPSS aug-pcS-1 378   8.8583   9.0171  10.1230  23.9281
TPSS aug-pcS-2 370  22.5491  21.9711  22.9840  39.0383
TPSS aug-pcseg-1 386   4.9592   5.5137   6.7420  19.4275
TPSS aug-pcseg-2 381  10.1077  10.3044  11.2513  24.3415
TPSS cc-pCVTZ 389  10.0929  10.1816  11.1442  23.3063
TPSS cc-pVTZ 386   8.4175   8.3728   9.3512  20.4266
TPSS def2-SVPD 390  27.2935  26.5829  27.9568  48.9092
TPSS def2-TZVP 395   6.1685   6.6313   7.8845  20.8684
TPSS def2-TZVPD 395   7.2906   7.6778   8.8368  22.1037
TPSS def2-TZVPP 399   7.7108   7.9498   9.0570  21.9020
TPSS def2-TZVPPD 389   8.6347   8.9164   9.9628  23.0131
TPSS G3LARGE 384   9.4065   9.7437  10.7169  23.7888
TPSS G3MP2LARGE 391   8.2512   8.4799   9.4792  22.1387
TPSS pc-2 401   9.4601   9.6685  10.6409  23.2898
TPSS pcJ-1 385   9.2356   9.2753  10.1570  20.1188
TPSS pcJ-2 384   9.5697   9.8476  10.8448  23.7256
TPSS pcS-2 392  20.3545  19.8912  20.8555  36.1618
TPSS pcseg-2 389   9.5339   9.6906  10.6326  23.2961
TPSS racc-pVQZ 392   3.6673   4.0883   5.0593  14.4117
TPSS racc-pVTZ 4288   2.6200   3.2659   4.2542  21.0601
TPSS rcc-pVQZ 384   3.8287   4.1846   5.1893  15.8003
TPSS rcc-pVTZ 385   3.0341   3.4164   4.1920  11.8041
TPSS aug-cc-pCVQZ 326  11.1910  11.2206  12.2601  25.4808
TPSS aug-cc-pVQZ 307   8.7770   9.1577  10.2543  22.7305
TPSS aug-pc-3 347   9.6744  10.0522  11.1674  24.6583
TPSS aug-pcS-3 359  10.3079  10.6282  11.7393  25.2925
TPSS aug-pcseg-3 305  10.1578  10.4612  11.5910  24.2581
TPSS cc-pCVQZ 327  12.3006  12.2295  13.1561  25.4982
TPSS cc-pVQZ 335  10.2367  10.2690  11.2422  24.5663
TPSS def2-QZVP 339   8.8981   9.0162  10.0399  22.9846
TPSS def2-QZVPD 339   9.0992   9.1890  10.2269  23.2416
TPSS def2-QZVPP 337   8.8340   8.9121   9.9097  22.9846
TPSS def2-QZVPPD 334   9.1219   9.3093  10.3713  23.2416
TPSS pc-3 338  10.2493  10.4655  11.5135  24.5959
TPSS pcJ-3 336  10.0639  10.2576  11.3228  24.6877
TPSS pcS-3 345  10.7038  10.7563  11.7970  25.2585
TPSS pcseg-3 337  10.6585  10.7057  11.6777  25.0066
TPSSh aug-cc-pCVTZ 378   2.8356   3.2167   4.0558  10.8740
TPSSh aug-cc-pVTZ 379   3.0480   3.7001   4.6283  15.1638
TPSSh aug-pc-1 377   3.0173   3.8449   4.7704  15.0795
TPSSh aug-pc-2 380   2.7496   3.1490   3.8205  11.0825
TPSSh aug-pcS-1 4004   2.6266   3.1161   3.9365  24.2181
TPSSh aug-pcS-2 362  12.2606  12.0192  13.0248  24.3119
TPSSh aug-pcseg-1 391   3.4001   4.0783   5.0448  15.5991
TPSSh aug-pcseg-2 388   2.7401   3.1247   3.8009  11.1655
TPSSh cc-pCVTZ 389   2.6229   3.1620   3.9225  13.4681
TPSSh cc-pVTZ 383   2.9297   3.4326   4.3521  15.4189
TPSSh def2-SVPD 393  17.8103  17.3338  18.5635  33.2823
TPSSh def2-TZVP 394   3.7399   4.4886   5.6455  18.7945
TPSSh def2-TZVPD 384   3.1111   3.7096   4.7086  15.6660
TPSSh def2-TZVPP 389   3.1035   3.5527   4.5030  15.6734
TPSSh def2-TZVPPD 398   2.9449   3.2113   4.0304  13.3497
TPSSh G3LARGE 4337   2.7668   3.2829   4.0728  23.6518
TPSSh G3MP2LARGE 430   2.5379   2.9452   3.7049  12.9280
TPSSh pc-2 400   2.7630   3.1435   3.8480  12.6927
TPSSh pcJ-1 399   3.0409   3.7118   4.6371  16.7365
TPSSh pcJ-2 394   2.6667   3.1434   3.8549  12.7032
TPSSh pcS-2 395   9.9181  10.0766  11.1340  21.9613
TPSSh pcseg-2 389   2.6631   3.1307   3.8583  12.6749
TPSSh racc-pVQZ 390   6.4910   6.6195   7.5654  20.2914
TPSSh racc-pVTZ 389   9.0262   8.8175   9.6775  23.2403
TPSSh rcc-pVQZ 398   6.8915   7.0451   7.9852  21.9470
TPSSh rcc-pVTZ 385   8.7809   8.6876   9.6092  25.5805
TPSSh aug-cc-pCVQZ 396   2.8279   3.2643   3.9789  11.7100
TPSSh aug-cc-pVQZ 388   2.6567   3.0634   3.8198  12.6989
TPSSh aug-pc-3 348   2.6845   3.2252   3.9229  11.4352
TPSSh aug-pcS-3 360   2.8471   3.2943   4.0036  11.2628
TPSSh aug-pcseg-3 349   2.8092   3.2561   3.9681  11.1458
TPSSh cc-pCVQZ 338   3.4196   3.6215   4.4212  12.4928
TPSSh cc-pVQZ 348   2.5749   3.1763   3.8706  12.2516
TPSSh def2-QZVP 339   2.7842   3.1517   3.9904  13.5611
TPSSh def2-QZVPD 338   2.6069   3.1197   3.9290  12.9931
TPSSh def2-QZVPP 345   2.8105   3.2000   4.0206  13.5611
TPSSh def2-QZVPPD 415   2.6233   3.0945   3.8711  12.9931
TPSSh pc-3 350   2.7112   3.1951   3.8594  11.5098
TPSSh pcJ-3 333   2.6022   3.1961   3.8958  11.8026
TPSSh pcS-3 338   2.8469   3.2905   3.9668  11.0684
TPSSh pcseg-3 332   2.7607   3.2711   3.9582  11.0037
wB97M-V aug-cc-pCVTZ 2679   2.6122   3.2663   9.1697 428.5716
wB97M-V aug-cc-pVTZ 4433   2.7963   3.2687   7.5682 430.1259
wB97M-V aug-pc-1 377   8.4615   8.4224   9.4320  22.0680
wB97M-V aug-pc-2 2705   2.4918   3.0933   9.0339 427.6566
wB97M-V aug-pcS-1 387   3.2797   3.8839   4.8947  13.0093
wB97M-V aug-pcS-2 366  13.1663  12.8053  13.6339  25.5276
wB97M-V aug-pcseg-1 381   7.2689   7.4234   8.5399  21.2263
wB97M-V aug-pcseg-2 371   2.5625   3.2246   4.0740  13.4069
wB97M-V cc-pCVTZ 387   3.1446   3.4620   4.2774  12.7479
wB97M-V cc-pVTZ 4176   2.5690   3.2623   4.2307  40.2512
wB97M-V def2-SVPD 384  32.3041  31.0380  32.2864  49.8813
wB97M-V def2-TZVP 426   2.5438   2.8494   3.4570   8.6454
wB97M-V def2-TZVPD 861   2.5168   2.8515   3.4693  11.1516
wB97M-V def2-TZVPP 3990   2.4730   3.2929   8.0784 437.4480
wB97M-V def2-TZVPPD 4001   2.9035   3.8086   4.9918  38.9479
wB97M-V G3LARGE 390   2.7503   3.4077   4.2276  13.5957
wB97M-V G3MP2LARGE 427   2.6937   2.9274   3.6123  12.1305
wB97M-V pc-2 4466   2.6750   3.1682   4.0557  41.7150
wB97M-V pcJ-1 4506   1.7557   2.1089   2.7447  40.1726
wB97M-V pcJ-2 4495   2.7590   3.5666   4.8804 110.3679
wB97M-V pcS-2 379  10.6844  10.4661  11.2576  22.5361
wB97M-V pcseg-2 4212   2.6262   3.6036   8.1418 435.9000
wB97M-V racc-pVQZ 385   5.1339   5.0915   5.6919  11.5109
wB97M-V racc-pVTZ 377   8.0371   7.9912   8.4644  15.3224
wB97M-V rcc-pVQZ 377   5.2877   5.5553   6.1743  12.5035
wB97M-V rcc-pVTZ 383   5.7048   5.8767   6.4016  13.0722
wB97M-V aug-cc-pCVQZ 372   2.8700   3.5472   4.4486  13.9564
wB97M-V aug-cc-pVQZ 2924   2.8412   3.7456   9.1753 427.2487
wB97M-V aug-pc-3 343   2.7058   3.2648   4.0728  13.1278
wB97M-V aug-pcS-3 364   2.7721   3.2153   3.9954  13.0328
wB97M-V aug-pcseg-3 363   2.8542   3.4804   4.3351  13.5988
wB97M-V cc-pCVQZ 343   3.4800   4.0757   5.0836  14.8412
wB97M-V cc-pVQZ 339   2.7878   3.4368   4.2886  13.3986
wB97M-V def2-QZVP 3438   2.4173   2.8205   3.6088  41.2405
wB97M-V def2-QZVPD 817   2.5203   2.8345   3.5135  11.8141
wB97M-V def2-QZVPP 4496   2.8093   3.3733   4.3456  41.2405
wB97M-V def2-QZVPPD 3841   2.7931   3.4357   4.4209  15.8298
wB97M-V pc-3 412   2.5205   3.0905   3.8669  13.0468
wB97M-V pcJ-3 4438   3.0230   3.9976   8.1681 426.7490
wB97M-V pcS-3 410   2.5044   3.0147   3.7510  12.9861
wB97M-V pcseg-3 331   2.6827   3.3111   4.1229  12.1263
wB97X aug-cc-pCVTZ 394   3.7042   3.8885   4.5594  11.9404
wB97X aug-cc-pVTZ 389   5.4294   5.4931   6.0857  15.8724
wB97X aug-pc-1 393   8.7205   9.0896   9.8671  20.1905
wB97X aug-pc-2 3318   2.5355   3.1025   8.4804 438.7390
wB97X aug-pcS-1 381   9.1955   9.4153  10.0690  19.8048
wB97X aug-pcS-2 366   6.2987   6.2145   6.9769  15.6998
wB97X aug-pcseg-1 392   8.0773   8.3953   9.2211  19.3797
wB97X aug-pcseg-2 4473   2.3841   2.9680   7.5064 437.4150
wB97X cc-pCVTZ 393   3.1247   3.4514   4.1409  14.6260
wB97X cc-pVTZ 385   5.2034   5.3230   5.9084  17.0447
wB97X def2-SVPD 390  15.6985  15.1416  16.3581  29.3357
wB97X def2-TZVP 386   6.2838   6.4340   7.0577  18.3518
wB97X def2-TZVPD 389   5.2614   5.3664   6.0385  16.2790
wB97X def2-TZVPP 394   4.4023   4.4007   5.0316  15.6475
wB97X def2-TZVPPD 396   3.3507   3.6036   4.2851  13.9111
wB97X G3LARGE 395   2.7941   3.1898   3.9447  12.7453
wB97X G3MP2LARGE 389   3.6087   4.0653   4.8347  14.0806
wB97X pc-2 385   2.8890   3.0978   3.7520  13.2758
wB97X pcJ-1 387   6.9175   6.8597   7.2733  13.6826
wB97X pcJ-2 387   3.0137   3.2393   3.9057  13.6452
wB97X pcS-2 390   3.7965   4.0279   4.7232  12.2134
wB97X pcseg-2 4506   2.3981   2.7988   3.5653  45.4519
wB97X racc-pVQZ 396   9.3671   9.3557   9.7402  19.5636
wB97X racc-pVTZ 394  12.7996  12.5347  12.9118  22.5559
wB97X rcc-pVQZ 394  10.1407  10.2194  10.6068  21.1789
wB97X rcc-pVTZ 395  12.4937  12.3546  12.7314  20.4674
wB97X aug-cc-pCVQZ 3523   2.5923   3.1335   8.3182 438.4335
wB97X aug-cc-pVQZ 385   2.6409   2.9284   3.6026  12.7298
wB97X aug-pc-3 766   2.4902   2.8992   3.6195  10.8984
wB97X aug-pcS-3 732   2.6056   3.0052   3.7320  11.2805
wB97X aug-pcseg-3 2919   2.5497   3.0060   3.7873  31.3890
wB97X cc-pCVQZ 4374   2.4877   3.0213   7.6963 445.8936
wB97X cc-pVQZ 418   2.7647   3.0568   3.7365  13.2943
wB97X def2-QZVP 335   3.4494   3.7619   4.4811  14.0868
wB97X def2-QZVPD 411   3.4253   3.6588   4.3412  11.5959
wB97X def2-QZVPP 415   3.5898   3.7955   4.4938  14.0868
wB97X def2-QZVPPD 334   3.3240   3.6614   4.3233  11.5959
wB97X pc-3 849   2.5068   2.9082   3.6290  12.0521
wB97X pcJ-3 3145   2.7119   3.1826   4.7559 152.4190
wB97X pcS-3 852   2.5631   2.9906   3.7314  12.3031
wB97X pcseg-3 4028   2.5576   2.9928   3.7991  45.6515
wB97X-D aug-cc-pCVTZ 385   5.2049   5.4491   6.1213  16.3824
wB97X-D aug-cc-pVTZ 390   6.7552   6.9921   7.5581  18.1879
wB97X-D aug-pc-1 387   7.4969   7.9990   8.8689  20.0202
wB97X-D aug-pc-2 381   2.7352   3.1634   3.8554  10.6501
wB97X-D aug-pcS-1 397   7.9495   8.2430   9.0053  18.3421
wB97X-D aug-pcS-2 368   6.6547   6.7219   7.5764  16.1719
wB97X-D aug-pcseg-1 396   6.9224   7.3764   8.3169  19.4957
wB97X-D aug-pcseg-2 3538   2.7757   3.0499   3.7525  41.6750
wB97X-D cc-pCVTZ 384   4.5021   4.6402   5.3024  11.8739
wB97X-D cc-pVTZ 382   6.4667   6.6477   7.1620  14.8961
wB97X-D def2-SVPD 381  14.5912  14.2504  15.4688  27.1538
wB97X-D def2-TZVP 387   7.5023   7.5487   8.1583  20.3177
wB97X-D def2-TZVPD 391   6.3011   6.4295   7.1078  18.1807
wB97X-D def2-TZVPP 391   5.4309   5.4919   6.1177  17.7144
wB97X-D def2-TZVPPD 385   4.5620   4.6486   5.3590  15.9255
wB97X-D G3LARGE 383   2.9707   3.6712   4.5163  14.2728
wB97X-D G3MP2LARGE 386   3.9630   4.4316   5.2638  15.3612
wB97X-D pc-2 387   3.4296   3.7000   4.4343  14.8611
wB97X-D pcJ-1 386   7.4638   7.4085   7.7887  14.0805
wB97X-D pcJ-2 378   4.0834   4.2715   4.9956  15.7185
wB97X-D pcS-2 381   4.1436   4.4046   5.2247  12.6519
wB97X-D pcseg-2 883   2.7264   3.0262   3.6929  13.5029
wB97X-D racc-pVQZ 385  10.0498   9.9558  10.3581  20.9265
wB97X-D racc-pVTZ 380  13.5588  13.3370  13.7299  24.3057
wB97X-D rcc-pVQZ 386  10.5790  10.6195  11.0202  22.4072
wB97X-D rcc-pVTZ 385  13.3884  13.1055  13.4979  25.3824
wB97X-D aug-cc-pCVQZ 391   2.7680   3.1933   3.9328  13.8891
wB97X-D aug-cc-pVQZ 357   3.3646   3.6528   4.4105  14.6747
wB97X-D aug-pc-3 346   2.7712   3.2208   3.9721  11.0704
wB97X-D aug-pcS-3 894   3.7738   4.0145   4.7820  12.7710
wB97X-D aug-pcseg-3 1008   2.9623   3.3204   4.1897  43.0567
wB97X-D cc-pCVQZ 423   2.5421   2.9912   3.6744  10.3882
wB97X-D cc-pVQZ 334   3.3786   3.7047   4.4425  15.0072
wB97X-D def2-QZVP 341   4.3575   4.5761   5.3215  15.8718
wB97X-D def2-QZVPD 336   4.2453   4.4559   5.1912  15.3778
wB97X-D def2-QZVPP 339   4.4953   4.5917   5.3166  15.8718
wB97X-D def2-QZVPPD 339   4.2253   4.4162   5.1631  15.3778
wB97X-D pc-3 338   2.9546   3.4605   4.2226  14.2032
wB97X-D pcJ-3 322   3.2750   4.0290   9.1605 145.4883
wB97X-D pcS-3 4099   3.8604   4.1731   8.2645 427.8306
wB97X-D pcseg-3 403   2.5813   3.0639   3.7867  13.5116
wB97X-D3 aug-cc-pCVTZ 382   4.1687   4.3853   5.1166  14.9012
wB97X-D3 aug-cc-pVTZ 377   5.6412   5.8400   6.4169  16.6643
wB97X-D3 aug-pc-1 380   7.3399   7.7918   8.6306  19.7947
wB97X-D3 aug-pc-2 884   2.4825   2.8137   3.4971  11.2864
wB97X-D3 aug-pcS-1 382   7.7095   8.0940   8.8349  17.9176
wB97X-D3 aug-pcS-2 354   7.0377   7.1359   7.9290  16.2857
wB97X-D3 aug-pcseg-1 389   6.8071   7.3455   8.2911  19.5326
wB97X-D3 aug-pcseg-2 4406   2.4795   3.0116   7.4634 432.2548
wB97X-D3 cc-pCVTZ 397   3.2452   3.6183   4.3535  15.1765
wB97X-D3 cc-pVTZ 393   5.3040   5.4612   6.0651  17.5039
wB97X-D3 def2-SVPD 395  15.5433  14.9026  16.1090  28.4645
wB97X-D3 def2-TZVP 395   6.4022   6.5965   7.2074  15.8273
wB97X-D3 def2-TZVPD 391   5.3147   5.5032   6.1986  14.6936
wB97X-D3 def2-TZVPP 386   4.4739   4.5274   5.1756  12.6436
wB97X-D3 def2-TZVPPD 381   3.7062   3.8902   4.5835  14.4090
wB97X-D3 G3LARGE 379   2.7067   3.2270   4.0013  13.1923
wB97X-D3 G3MP2LARGE 394   3.4928   3.9685   4.7938  14.3853
wB97X-D3 pc-2 430   2.6434   2.9817   3.6558  13.3261
wB97X-D3 pcJ-1 394   7.1434   7.0227   7.4278  14.2298
wB97X-D3 pcJ-2 393   3.3186   3.4968   4.1636  11.3917
wB97X-D3 pcS-2 390   4.5783   4.8064   5.5514  12.8484
wB97X-D3 pcseg-2 4474   2.5328   2.8815   3.5991  43.7368
wB97X-D3 racc-pVQZ 389   9.2422   9.1879   9.5862  17.1382
wB97X-D3 racc-pVTZ 396  12.7924  12.5413  12.9136  20.6073
wB97X-D3 rcc-pVQZ 392   9.7939   9.8654  10.2578  18.5179
wB97X-D3 rcc-pVTZ 397  12.3076  12.1769  12.5685  23.9577
wB97X-D3 aug-cc-pCVQZ 2919   3.0549   3.5234   9.0176 433.3816
wB97X-D3 aug-cc-pVQZ 373   2.7170   3.1171   3.8343  13.3100
wB97X-D3 aug-pc-3 727   2.6425   3.0652   3.8207  12.0765
wB97X-D3 aug-pcS-3 3567   3.0140   3.3851   4.1845  45.0687
wB97X-D3 aug-pcseg-3 2271   2.6437   3.0806   3.8743  44.0335
wB97X-D3 cc-pCVQZ 4023   2.6604   3.1566   7.9223 439.7738
wB97X-D3 cc-pVQZ 409   2.6833   3.0547   3.7658  13.5567
wB97X-D3 def2-QZVP 382   3.4390   3.7619   4.4981  14.4999
wB97X-D3 def2-QZVPD 334   3.2953   3.7037   4.4489  14.0681
wB97X-D3 def2-QZVPP 330   3.5830   3.8738   4.6147  14.4999
wB97X-D3 def2-QZVPPD 339   3.3603   3.7232   4.4796  14.0681
wB97X-D3 pc-3 411   2.5404   2.9066   3.6036  12.8339
wB97X-D3 pcJ-3 3610   3.0472   3.4780   4.9279 149.0189
wB97X-D3 pcS-3 4506   3.0391   3.5381   7.7337 434.0435
wB97X-D3 pcseg-3 736   2.5003   2.8494   3.5666  12.0823
wB97X-V aug-cc-pCVTZ 391   2.7129   3.1072   3.8180  11.0665
wB97X-V aug-cc-pVTZ 388   2.8442   3.1926   3.9259  11.1940
wB97X-V aug-pc-1 394   6.3892   7.0031   8.2595  22.4193
wB97X-V aug-pc-2 380   2.8636   3.2746   4.0319  12.8272
wB97X-V aug-pcS-1 385   3.7244   4.4537   5.6546  16.3342
wB97X-V aug-pcS-2 370  11.4381  11.2760  12.3031  25.0832
wB97X-V aug-pcseg-1 395   6.0049   6.7368   8.0408  22.4255
wB97X-V aug-pcseg-2 381   2.7969   3.3240   4.1742  13.3412
wB97X-V cc-pCVTZ 392   2.8438   3.2056   3.9494  12.1410
wB97X-V cc-pVTZ 425   2.5475   2.9336   3.5951  10.2353
wB97X-V def2-SVPD 397  19.9943  19.6327  21.0909  39.2778
wB97X-V def2-TZVP 391   3.0837   3.6546   4.4909  12.7105
wB97X-V def2-TZVPD 402   2.9063   3.3369   4.0670  11.5450
wB97X-V def2-TZVPP 426   2.5330   3.0428   3.7084  10.3309
wB97X-V def2-TZVPPD 392   2.7705   3.1549   3.8850  11.9436
wB97X-V G3LARGE 397   3.0010   3.3577   4.1106  12.7780
wB97X-V G3MP2LARGE 396   2.7969   3.2066   3.9231  11.2074
wB97X-V pc-2 425   2.6986   3.0083   3.6867  11.2364
wB97X-V pcJ-1 399   2.5628   3.1159   3.8953  11.8406
wB97X-V pcJ-2 418   2.7688   3.0727   3.7805  11.8706
wB97X-V pcS-2 397   9.2815   9.2741  10.2793  21.9144
wB97X-V pcseg-2 416   2.7457   3.1255   3.8516  11.9520
wB97X-V racc-pVQZ 396   4.7473   5.2337   6.1187  15.8191
wB97X-V racc-pVTZ 399   7.7453   8.0570   8.7442  19.3964
wB97X-V rcc-pVQZ 393   5.2683   5.6332   6.4936  15.8256
wB97X-V rcc-pVTZ 396   6.9205   7.2943   8.0167  18.4670
wB97X-V aug-cc-pCVQZ 363   2.9421   3.6280   4.5285  13.9911
wB97X-V aug-cc-pVQZ 364   3.0665   3.4596   4.2856  13.2907
wB97X-V aug-pc-3 363   2.9224   3.3791   4.1964  13.1729
wB97X-V aug-pcS-3 366   3.0073   3.5473   4.4246  13.7536
wB97X-V aug-pcseg-3 365   3.0257   3.5653   4.4333  13.7381
wB97X-V cc-pCVQZ 421   3.3007   3.8569   4.8193  14.4883
wB97X-V cc-pVQZ 392   2.9867   3.4792   4.3603  13.5819
wB97X-V def2-QZVP 331   2.7150   3.1181   3.8586  11.5694
wB97X-V def2-QZVPD 403   2.7710   3.1446   3.8739  11.8740
wB97X-V def2-QZVPP 408   2.6715   3.0909   3.8208  11.5694
wB97X-V def2-QZVPPD 333   2.7036   3.1380   3.8613  11.8740
wB97X-V pc-3 335   2.9539   3.3620   4.2057  13.1262
wB97X-V pcJ-3 410   3.0213   3.4476   4.2682  13.5340
wB97X-V pcS-3 2884   2.9238   3.5038   4.5089  26.1232
wB97X-V pcseg-3 340   2.8804   3.4724   4.3478  13.6851
wM05-D aug-cc-pCVTZ 390   8.3003   8.4096   8.8156  19.9325
wM05-D aug-cc-pVTZ 388   7.6616   7.8244   8.2237  19.4697
wM05-D aug-pc-1 387  16.3571  16.4768  17.0045  28.9565
wM05-D aug-pc-2 387   7.1372   7.3252   7.8198  16.0798
wM05-D aug-pcS-1 400   9.7333  10.5192  11.1477  21.2886
wM05-D aug-pcS-2 371   6.6611   6.1927   6.9806  15.2991
wM05-D aug-pcseg-1 399  16.3195  16.4469  17.0158  29.3799
wM05-D aug-pcseg-2 386   6.1675   6.4267   6.9787  14.9651
wM05-D cc-pCVTZ 394   8.3350   8.5075   8.8800  21.3987
wM05-D cc-pVTZ 397   8.5306   8.7125   9.0645  21.5546
wM05-D def2-SVPD 395  14.4280  14.1012  15.4370  30.0869
wM05-D def2-TZVP 397   8.2459   8.5358   8.9474  21.3994
wM05-D def2-TZVPD 387   6.9242   7.2803   7.7335  15.2594
wM05-D def2-TZVPP 385   5.6590   5.8993   6.3369  13.3699
wM05-D def2-TZVPPD 391   4.6828   4.8184   5.3257  16.6365
wM05-D G3LARGE 395   3.4522   3.8088   4.4739  14.9146
wM05-D G3MP2LARGE 392   4.0247   4.4087   5.0275  15.6500
wM05-D pc-2 394   8.2656   8.4504   8.8804  20.6598
wM05-D pcJ-1 398  10.4926  10.5889  11.6559  95.0911
wM05-D pcJ-2 394   7.7565   7.9107   8.3127  20.2499
wM05-D pcS-2 398   3.7525   3.8313   4.4850  11.4213
wM05-D pcseg-2 391   7.2418   7.4913   7.9686  19.5463
wM05-D racc-pVQZ 385  12.0090  11.7629  12.1255  23.4887
wM05-D racc-pVTZ 388  15.5860  14.9348  15.3109  26.7086
wM05-D rcc-pVQZ 380  13.6155  13.4059  13.7629  25.7444
wM05-D rcc-pVTZ 378  16.2434  15.5771  15.9457  28.4649
wM05-D aug-cc-pCVQZ 310   5.6749   5.8476   6.3101  17.7354
wM05-D aug-cc-pVQZ 354   4.6070   4.7487   5.3101  16.4297
wM05-D aug-pc-3 318   5.7170   5.8896   6.3970  13.4609
wM05-D aug-pcS-3 356   6.1933   6.4166   6.9329  14.7023
wM05-D aug-pcseg-3 357   5.5303   5.7991   6.3677  14.2552
wM05-D cc-pCVQZ 331   5.5831   5.7419   6.2313  18.0047
wM05-D cc-pVQZ 338   4.7282   4.8966   5.4306  16.9076
wM05-D def2-QZVP 326   7.6405   7.7089   8.1479  19.7079
wM05-D def2-QZVPD 318   7.4186   7.6008   8.0510  19.3954
wM05-D def2-QZVPP 327   7.6656   7.7598   8.1923  19.7079
wM05-D def2-QZVPPD 336   7.4062   7.6102   8.0444  19.3954
wM05-D pc-3 326   5.8001   5.9752   6.4498  14.2579
wM05-D pcJ-3 321   7.0235   7.0851   7.5358  15.3293
wM05-D pcS-3 329   6.3358   6.5762   7.0616  18.5499
wM05-D pcseg-3 320   5.4778   5.7672   6.3138  14.1151
