theory_level basis_set n_notNaNs MedAE MAE RMSE MaxAE
APFD DGTZVP 429   5.4210   5.1629   5.9458  13.4393
APFD TZVP 4501   2.6967   3.3845   9.7532 590.9120
APFD Def2TZVP 425   6.1971   6.7602   8.0400  17.9312
APFD cc-pVTZ 430   7.1185   7.5797   8.7852  17.7857
APFD Def2TZVPP 430   7.8514   8.1627   9.4250  19.1136
APFD TApr-cc-pVTZ 430   7.9202   8.1110   9.3268  19.2180
APFD EPR-III 426   6.8619   7.4214   8.6878  18.2317
APFD Apr-cc-pVTZ 430   5.9362   6.6230   7.8205  16.9154
APFD spAug-cc-pVTZ 430   5.6784   6.4244   7.6294  16.7261
APFD MTSmall 430   8.9939   9.1405  10.3746  20.0819
APFD AUG-cc-pVTZ 430   6.5379   7.1269   8.3729  17.8716
APFD cc-pVQZ 430   9.7649   9.8135  11.1137  21.7229
APFD dAug-cc-pVTZ 430   6.7672   7.2968   8.5523  18.1355
APFD Apr-cc-pVQZ 430   8.9981   9.1616  10.4780  21.0103
APFD TApr-cc-pVQZ 430   8.9981   9.1646  10.4789  21.0103
APFD Def2QZVP 429   8.1675   8.4948   9.7974  20.0789
APFD QZVP 430   8.1466   8.4781   9.7863  20.0789
APFD spAug-cc-pVQZ 430   8.8157   9.0504  10.3766  20.9238
APFD Def2QZVPP 430   8.1466   8.4778   9.7862  20.0789
APFD AUG-cc-pVQZ 430   9.3885   9.5144  10.8475  21.5678
B3LYP DGTZVP 429  16.1525  15.5783  16.5294  28.8025
B3LYP TZVP 429  22.3336  21.5668  22.6472  37.9808
B3LYP Def2TZVP 429  13.8465  13.7829  15.3312  32.4229
B3LYP cc-pVTZ 429  12.2448  12.3113  13.7963  29.8383
B3LYP Def2TZVPP 429  11.5345  11.7791  13.3162  29.3037
B3LYP TApr-cc-pVTZ 429  11.4268  11.7867  13.3131  29.5049
B3LYP EPR-III 429  12.5296  12.6560  14.1983  30.6320
B3LYP Apr-cc-pVTZ 429  13.6916  13.6963  15.1466  31.4879
B3LYP spAug-cc-pVTZ 429  13.9674  13.9833  15.4468  31.9606
B3LYP MTSmall 429  10.2100  10.4607  12.0643  27.8818
B3LYP AUG-cc-pVTZ 429  13.0611  13.1475  14.6526  31.0697
B3LYP cc-pVQZ 430   9.2785   9.7219  11.3792  27.1704
B3LYP dAug-cc-pVTZ 429  12.8437  12.9338  14.4565  30.9396
B3LYP Apr-cc-pVQZ 429  10.0726  10.3988  12.0488  27.9731
B3LYP TApr-cc-pVQZ 428  10.0890  10.4109  12.0615  27.9731
B3LYP Def2QZVP 427  11.0407  11.2561  12.8893  29.0995
B3LYP QZVP 430  10.9929  11.2199  12.8579  29.0995
B3LYP spAug-cc-pVQZ 429  10.2229  10.5368  12.1970  28.2151
B3LYP Def2QZVPP 430  10.9929  11.2199  12.8580  29.0995
B3LYP AUG-cc-pVQZ 430   9.6364  10.0689  11.7420  27.7024
B3PW91 DGTZVP 429   3.9800   4.2632   5.0951  13.7177
B3PW91 TZVP 429  10.3019  10.2006  11.0439  21.3303
B3PW91 Def2TZVP 430   4.0070   4.6475   5.6921  15.7936
B3PW91 cc-pVTZ 430   3.5459   3.9660   4.8598  13.7491
B3PW91 Def2TZVPP 430   3.4340   3.9039   4.7875  12.9259
B3PW91 TApr-cc-pVTZ 428   3.2962   3.8288   4.6877  13.0812
B3PW91 EPR-III 430   3.7339   4.1499   5.0762  14.2093
B3PW91 Apr-cc-pVTZ 430   3.6698   4.1955   5.1794  14.7419
B3PW91 spAug-cc-pVTZ 430   3.7708   4.3292   5.3519  15.1431
B3PW91 MTSmall 430   3.5153   3.9016   4.7991  11.9781
B3PW91 AUG-cc-pVTZ 430   3.6174   4.1442   5.0767  14.3688
B3PW91 cc-pVQZ 429   3.5260   4.1056   5.0438  12.3363
B3PW91 dAug-cc-pVTZ 430   3.5921   4.1177   5.0405  14.1784
B3PW91 Apr-cc-pVQZ 430   3.5838   4.0266   4.9172  11.8786
B3PW91 TApr-cc-pVQZ 430   3.5838   4.0267   4.9174  11.8786
B3PW91 Def2QZVP 429   3.5548   4.0002   4.8937  12.6698
B3PW91 QZVP 430   3.5399   3.9932   4.8882  12.6698
B3PW91 spAug-cc-pVQZ 430   3.6792   4.0508   4.9462  12.0943
B3PW91 Def2QZVPP 430   3.5552  16.1986 253.2655 5250.8485
B3PW91 AUG-cc-pVQZ 430   3.6531   4.1158   5.0322  12.2390
BLYP DGTZVP 429  11.7568  14.7301  48.2843 949.8512
BLYP TZVP 429  18.0240  18.6957  21.8028  48.4591
BLYP Def2TZVP 429  12.0711  13.6537  16.9252  42.9994
BLYP cc-pVTZ 429  10.7167  14.3834  48.4724 952.6851
BLYP Def2TZVPP 429  10.7011  14.3560  48.1653 946.0491
BLYP TApr-cc-pVTZ 429  10.3703  13.9704  44.9540 877.2867
BLYP EPR-III 429  11.4694  13.3275  16.6121  42.1598
BLYP Apr-cc-pVTZ 429  11.8727  13.6334  16.8880  42.5392
BLYP spAug-cc-pVTZ 429  12.3131  14.0666  17.3814  43.3986
BLYP MTSmall 429   9.2828  13.5695  46.8833 924.3495
BLYP AUG-cc-pVTZ 429  11.5039  13.3993  16.6919  42.2044
BLYP cc-pVQZ 430   9.1531  13.4600  47.6017 942.2613
BLYP dAug-cc-pVTZ 429  11.5532  15.3414  46.9410 909.9558
BLYP Apr-cc-pVQZ 429  10.0967  13.8675  46.5003 912.9574
BLYP TApr-cc-pVQZ 429  10.0967  13.8675  46.5003 912.9574
BLYP Def2QZVP 429  10.8454  12.3730  15.5695  40.3522
BLYP QZVP 430  10.8368  12.3626  15.5561  40.3522
BLYP spAug-cc-pVQZ 429  10.3625  14.7757  61.1663 1228.0555
BLYP Def2QZVPP 430  10.8368  12.3626  15.5561  40.3522
BLYP AUG-cc-pVQZ 430   9.9288  13.7345  45.7190 897.6962
M062X DGTZVP 429   9.8320   9.9357  10.2550  21.9069
M062X TZVP 429  11.3919  11.2043  11.4845  23.9354
M062X Def2TZVP 4506   2.9486   3.6338   9.7124 580.0009
M062X cc-pVTZ 430   3.6970   4.0359   4.7130  16.1253
M062X Def2TZVPP 4506   2.0055   2.5811   9.1631 576.9246
M062X TApr-cc-pVTZ 430   3.4223   3.7932   4.5289  14.7322
M062X EPR-III 430   4.6750   5.0805   5.9199  16.2306
M062X Apr-cc-pVTZ 427   4.4083   4.7468   5.3695  16.0294
M062X spAug-cc-pVTZ 430   4.5025   4.8456   5.4713  15.7566
M062X MTSmall 401   3.3791   3.7855   4.6036  15.8811
M062X AUG-cc-pVTZ 430   3.4824   3.9425   4.7002  14.7322
M062X cc-pVQZ 4506   2.4170   2.8927   7.1418 416.8765
M062X dAug-cc-pVTZ 429   3.2623   3.6976   4.4974  14.3456
M062X Apr-cc-pVQZ 4506   2.3741   2.9055   7.1562 416.9733
M062X TApr-cc-pVQZ 4506   2.3741   2.9055   7.1562 416.9733
M062X Def2QZVP 3756   3.6270   4.2254  10.6924 579.1044
M062X QZVP 3156   3.8592   4.4426  11.5323 579.0821
M062X spAug-cc-pVQZ 4506   2.4031   2.9641   7.1941 416.9411
M062X Def2QZVPP 3806   3.5747   4.1929  10.6243 579.0758
M062X AUG-cc-pVQZ 4506   2.4408  23.3532 889.7787 53133.6412
mPW3PBE DGTZVP 429   8.8043   8.5068   9.2370  16.1482
mPW3PBE TZVP 4505   3.3868   3.9532  10.9600 666.1054
mPW3PBE Def2TZVP 430   9.1859   9.7673  11.2795  22.9322
mPW3PBE cc-pVTZ 430  10.6731  10.9166  12.2815  22.8960
mPW3PBE Def2TZVPP 430  11.1680  11.4516  12.8419  24.1149
mPW3PBE TApr-cc-pVTZ 430  11.2820  11.4876  12.8544  24.3396
mPW3PBE EPR-III 430   9.9699  10.4556  11.9054  23.1133
mPW3PBE Apr-cc-pVTZ 430   9.2841   9.6912  11.0804  21.8174
mPW3PBE spAug-cc-pVTZ 430   8.9399   9.3747  10.8014  21.5810
mPW3PBE MTSmall 430  12.4035  12.6546  14.0034  25.2788
mPW3PBE AUG-cc-pVTZ 430   9.6911  10.1774  11.6210  22.7670
mPW3PBE cc-pVQZ 430  12.9457  13.2456  14.6295  26.7585
mPW3PBE dAug-cc-pVTZ 430   9.8940  10.3795  11.8282  23.0431
mPW3PBE Apr-cc-pVQZ 430  11.9961  12.3892  13.8059  25.8497
mPW3PBE TApr-cc-pVQZ 429  11.9440  12.3701  13.7840  25.8497
mPW3PBE Def2QZVP 428  11.3201  11.7876  13.2182  25.0699
mPW3PBE QZVP 430  11.3201  11.7643  13.2010  25.0699
mPW3PBE spAug-cc-pVQZ 430  11.7975  12.2047  13.6497  25.7257
mPW3PBE Def2QZVPP 430  11.3201  11.7643  13.2010  25.0699
mPW3PBE AUG-cc-pVQZ 430  12.2826  12.6872  14.1237  26.3539
OHSE2PBE DGTZVP 4501   3.6116   4.0357   9.9845 590.1943
OHSE2PBE TZVP 425   4.7302   5.2029   6.2903  25.0585
OHSE2PBE Def2TZVP 425   4.4044   5.4107   6.7877  16.7677
OHSE2PBE cc-pVTZ 425   5.0193   5.6691   7.0451  16.0322
OHSE2PBE Def2TZVPP 425   5.3931   6.2710   7.7327  17.4985
OHSE2PBE TApr-cc-pVTZ 410   5.1995   8.2603  47.7633 955.4748
OHSE2PBE EPR-III 425   5.1536   8.5232  53.1348 1084.6333
OHSE2PBE Apr-cc-pVTZ 425   4.4731   7.3280  46.0908 940.9652
OHSE2PBE spAug-cc-pVTZ 425   4.3238   7.2422  45.3150 924.9989
OHSE2PBE MTSmall 425   6.2032   6.9245   8.3715  18.3057
OHSE2PBE AUG-cc-pVTZ 425   4.8371   5.5874   6.9838  16.4069
OHSE2PBE cc-pVQZ 430   6.9516   9.8258  46.1672 938.2376
OHSE2PBE dAug-cc-pVTZ 425   4.8630   7.8668  45.6005 928.6268
OHSE2PBE Apr-cc-pVQZ 430   6.4706   7.2503   8.7793  19.6257
OHSE2PBE TApr-cc-pVQZ 425   6.5286   7.3016   8.8234  19.6257
OHSE2PBE Def2QZVP 430   5.7730   8.7053  44.3875 904.8579
OHSE2PBE QZVP 430   5.7730   8.7053  44.3875 904.8581
OHSE2PBE spAug-cc-pVQZ 425   6.4520   9.3272  44.2981 895.2097
OHSE2PBE Def2QZVPP 425   5.8882   8.7717  44.6462 904.8579
OHSE2PBE AUG-cc-pVQZ 430   6.8292  10.1154  53.1764 1086.2626
PBE1PBE DGTZVP 429   5.0164   5.1867   6.0672  14.6829
PBE1PBE TZVP 429   3.6553   4.1312   5.0784  16.4514
PBE1PBE Def2TZVP 430   6.3555   6.8313   8.3373  18.6748
PBE1PBE cc-pVTZ 430   6.7658   7.5805   9.0076  18.6380
PBE1PBE Def2TZVPP 430   7.1901   8.0403   9.5261  19.8317
PBE1PBE TApr-cc-pVTZ 426   7.4680   8.1066   9.5471  20.0888
PBE1PBE EPR-III 430   6.6915   7.2770   8.7710  18.8827
PBE1PBE Apr-cc-pVTZ 430   6.1565   6.6185   8.0372  17.6489
PBE1PBE spAug-cc-pVTZ 425   5.9695   6.4771   7.8994  17.4398
PBE1PBE MTSmall 430   8.3625   8.9744  10.4637  20.8668
PBE1PBE AUG-cc-pVTZ 430   6.4854   7.0641   8.5370  18.5703
PBE1PBE cc-pVQZ 430   9.1357   9.5922  11.1513  22.4930
PBE1PBE dAug-cc-pVTZ 430   6.5243   7.2187   8.7008  18.8293
PBE1PBE Apr-cc-pVQZ 430   8.4447   8.9496  10.5149  21.7273
PBE1PBE TApr-cc-pVQZ 430   8.4447   8.9492  10.5147  21.7273
PBE1PBE Def2QZVP 430   7.5318   8.2943   9.8391  20.7596
PBE1PBE QZVP 430   7.5318   8.2943   9.8392  20.7596
PBE1PBE spAug-cc-pVQZ 430   8.3048   8.8496  10.4231  21.6390
PBE1PBE Def2QZVPP 430   7.5318   8.2943   9.8392  20.7596
PBE1PBE AUG-cc-pVQZ 429   8.8267   9.3383  11.0395  44.6029
PBEh1PBE DGTZVP 4505   2.8085   3.5659   9.8924 597.5483
PBEh1PBE TZVP 429   7.5258   7.5349   8.6937  21.8562
PBEh1PBE Def2TZVP 428   4.0994   4.7756   5.9113  14.1727
PBEh1PBE cc-pVTZ 430   3.9154   4.6223   5.7028  13.0942
PBEh1PBE Def2TZVPP 430   3.8595   4.8644   6.0232  14.3865
PBEh1PBE TApr-cc-pVTZ 429   3.7808   4.7849   5.9116  14.5460
PBEh1PBE EPR-III 430   3.9930   4.7865   5.8935  13.8210
PBEh1PBE Apr-cc-pVTZ 430   3.9798   4.4267   5.3967  12.9545
PBEh1PBE spAug-cc-pVTZ 430   4.0263   4.4885   5.4569  13.4438
PBEh1PBE MTSmall 430   4.4783   5.2646   6.5426  15.3954
PBEh1PBE AUG-cc-pVTZ 430   3.8997   4.6241   5.6527  13.1194
PBEh1PBE cc-pVQZ 430   4.9861   5.6878   7.0962  17.0686
PBEh1PBE dAug-cc-pVTZ 430   3.9010   4.6695   5.7176  13.3913
PBEh1PBE Apr-cc-pVQZ 430   4.5441   5.3687   6.6895  16.3541
PBEh1PBE TApr-cc-pVQZ 430   4.5441   5.3682   6.6889  16.3541
PBEh1PBE Def2QZVP 430   4.1486   5.0929   6.3149  15.4536
PBEh1PBE QZVP 430   4.1486   5.0929   6.3149  15.4536
PBEh1PBE spAug-cc-pVQZ 430   4.4972   5.3435   6.6527  16.2665
PBEh1PBE Def2QZVPP 430   4.1486   5.0929   6.3149  15.4536
PBEh1PBE AUG-cc-pVQZ 429   4.7744   5.5795   6.9653  16.9334
wB97X DGTZVP 429   3.5198   3.8505   4.6458  14.9334
wB97X TZVP 429  14.4334  14.0936  14.4572  26.5235
wB97X Def2TZVP 430   5.5716   5.7850   6.4196  17.4155
wB97X cc-pVTZ 430   5.1756   5.2924   5.8625  17.0105
wB97X Def2TZVPP 430   3.6438   3.7750   4.4232  14.7250
wB97X TApr-cc-pVTZ 430   4.5168   4.7287   5.3622  15.3235
wB97X EPR-III 430   3.9839   4.0744   4.7121  14.8808
wB97X Apr-cc-pVTZ 430   6.0052   6.1897   6.6989  16.8668
wB97X spAug-cc-pVTZ 430   6.3403   6.5211   7.0309  17.1948
wB97X MTSmall 430   3.4443   3.7260   4.4209  15.3861
wB97X AUG-cc-pVTZ 430   5.3015   5.4067   5.9940  15.8290
wB97X cc-pVQZ 3515   3.0711   3.5432   8.5435 439.9517
wB97X dAug-cc-pVTZ 430   5.0537   5.1621   5.7774  15.5489
wB97X Apr-cc-pVQZ 3443   3.4632   3.8926   8.7942 440.3108
wB97X TApr-cc-pVQZ 430   3.1810   3.3616   4.0365  13.4419
wB97X Def2QZVP 429   3.3993   3.6273   4.3235  13.8123
wB97X QZVP 430   3.3806   3.6245   4.3200  13.8067
wB97X spAug-cc-pVQZ 430   3.3069   3.4985   4.1883  13.5657
wB97X Def2QZVPP 430   3.3806   3.6245   4.3200  13.8143
wB97X AUG-cc-pVQZ 3719   3.1477   3.6221   8.4051 439.5380
wB97XD DGTZVP 429   4.8530   4.8409   5.4606  16.9986
wB97XD TZVP 429  15.5968  15.1012  15.4713  28.3988
wB97XD Def2TZVP 430   6.8210   7.0062   7.6259  19.4401
wB97XD cc-pVTZ 430   6.4520   6.5888   7.1282  19.1323
wB97XD Def2TZVPP 430   4.8566   4.9323   5.5872  16.8225
wB97XD TApr-cc-pVTZ 430   5.8499   6.0033   6.5976  17.4208
wB97XD EPR-III 430   5.3063   5.3589   5.9779  16.9372
wB97XD Apr-cc-pVTZ 430   7.3905   7.5050   8.0159  18.9405
wB97XD spAug-cc-pVTZ 430   7.7642   7.9076   8.4250  19.2649
wB97XD MTSmall 430   4.2174   4.4436   5.1419  16.9288
wB97XD AUG-cc-pVTZ 430   6.7615   6.9191   7.4928  18.1235
wB97XD cc-pVQZ 430   3.3601   3.6464   4.3793  14.9920
wB97XD dAug-cc-pVTZ 430   6.4167   6.6860   7.2818  17.8296
wB97XD Apr-cc-pVQZ 430   3.9389   4.1650   4.8908  15.1520
wB97XD TApr-cc-pVQZ 430   3.9389   4.1650   4.8909  15.1641
wB97XD Def2QZVP 429   4.1891   4.3694   5.1029  15.4958
wB97XD QZVP 430   4.1790   4.3656   5.0987  15.4958
wB97XD spAug-cc-pVQZ 430   4.1923   4.3873   5.1226  15.3699
wB97XD Def2QZVPP 430   4.1790   4.3656   5.0987  15.4958
wB97XD AUG-cc-pVQZ 430   3.6322   3.8802   4.6313  14.6222
